#
# A fatal error has been detected by the Java Runtime Environment:
#
#  SIGSEGV (0xb) at pc=0x000000010e648358, pid=3192, tid=13063
#
# JRE version: Java(TM) SE Runtime Environment (8.0_91-b14) (build 1.8.0_91-b14)
# Java VM: Java HotSpot(TM) 64-Bit Server VM (25.91-b14 mixed mode bsd-amd64 compressed oops)
# Problematic frame:
# V  [libjvm.dylib+0x448358]
#
# Failed to write core dump. Core dumps have been disabled. To enable core dumping, try "ulimit -c unlimited" before starting Java again
#
# If you would like to submit a bug report, please visit:
#   http://bugreport.java.com/bugreport/crash.jsp
#

---------------  T H R E A D  ---------------

Current thread (0x00007f83de02f800):  JavaThread "JDWP Transport Listener: dt_socket" daemon [_thread_in_vm, id=13063, stack(0x0000700008209000,0x0000700008309000)]

siginfo: si_signo: 11 (SIGSEGV), si_code: 0 (unknown), si_addr: 0x0000000000000000

Registers:
RAX=0x0000000000000001, RBX=0x0000700008308a8b, RCX=0x000000010ea18340, RDX=0x0000700008308a8b
RSP=0x00007000083089d0, RBP=0x00007000083089e0, RSI=0x00007f83de02f800, RDI=0xb000000000000000
R8 =0x0000000000000001, R9 =0x0000000000000000, R10=0x000007f83dd71194, R11=0x0000000000000002
R12=0x00007f83de02f800, R13=0xb000000000000000, R14=0xb000000000000000, R15=0x00007f83dd510960
RIP=0x000000010e648358, EFLAGS=0x0000000000010286, ERR=0x0000000000000000
  TRAPNO=0x000000000000000d

Top of Stack: (sp=0x00007000083089d0)
0x00007000083089d0:   0000700008308a8b 0000700008308a8b
0x00007000083089e0:   0000700008308a40 000000010e557316
0x00007000083089f0:   00007f83de02f800 0000000000000000
0x0000700008308a00:   0000000000000000 0000000000000000
0x0000700008308a10:   00007f83de02f800 00007f83de02f800
0x0000700008308a20:   0000700008308a8b 0000700008308a90
0x0000700008308a30:   b000000000000000 0000000000000009
0x0000700008308a40:   0000700008308a60 000000010f1b4780
0x0000700008308a50:   0000000000000001 0000700008308b08
0x0000700008308a60:   0000700008308ad0 000000010f1991f3
0x0000700008308a70:   0000700008308aa0 00007f83dd712470
0x0000700008308a80:   0000000a00000032 0000000800308b08
0x0000700008308a90:   0000000000000000 0000000000000000
0x0000700008308aa0:   0000000000000000 0000700008308c90
0x0000700008308ab0:   000000010f1bbe7a 00007f83dd619f70
0x0000700008308ac0:   0000700008308b08 000000010f1c7598
0x0000700008308ad0:   0000700008308ae0 000000010f1992ec
0x0000700008308ae0:   0000700008308d00 000000010f1a2898
0x0000700008308af0:   00006ae200000013 00000000000f0200
0x0000700008308b00:   00007f83dd619f60 00007f83df068e05
0x0000700008308b10:   00000000000004ab 00007f83dd7126d0
0x0000700008308b20:   000001000000012c 0000700008308b58
0x0000700008308b30:   00007f83dd712520 00007f0000000000
0x0000700008308b40:   00006ae20000001c 00007f8300004980
0x0000700008308b50:   0000700008308b58 837f00000a000000
0x0000700008308b60:   10000000e01971dd 4c676e696772656d
0x0000700008308b70:   7473694c656b6e69 6f634c284d000000
0x0000700008308b80:   676e69646f632f6d 69767265746e692f
0x0000700008308b90:   64656b6e696c2f77 646f4e2f7473694c
0x0000700008308ba0:   632f6d6f634c3b65 6e692f676e69646f
0x0000700008308bb0:   6c2f776976726574 73694c64656b6e69
0x0000700008308bc0:   293b65646f4e2f74 0000000000000056 

Instructions: (pc=0x000000010e648358)
0x000000010e648338:   40 48 48 85 c0 75 e0 30 c0 0f b6 c0 5d c3 31 c0
0x000000010e648348:   5d c3 55 48 89 e5 53 48 83 ec 08 48 85 ff 74 24
0x000000010e648358:   48 8b 1f 48 85 db 74 1c 48 83 fb 37 74 16 48 8b
0x000000010e648368:   03 48 89 df ff 50 10 84 c0 b8 00 00 00 00 48 0f 

Register to memory mapping:

RAX=0x0000000000000001 is an unknown value
RBX=0x0000700008308a8b is pointing into the stack for thread: 0x00007f83de02f800
RCX=0x000000010ea18340: UseMembar+0 in /Library/Java/JavaVirtualMachines/jdk1.8.0_91.jdk/Contents/Home/jre/lib/server/libjvm.dylib at 0x000000010e200000
RDX=0x0000700008308a8b is pointing into the stack for thread: 0x00007f83de02f800
RSP=0x00007000083089d0 is pointing into the stack for thread: 0x00007f83de02f800
RBP=0x00007000083089e0 is pointing into the stack for thread: 0x00007f83de02f800
RSI=0x00007f83de02f800 is a thread
RDI=0xb000000000000000 is an unknown value
R8 =0x0000000000000001 is an unknown value
R9 =0x0000000000000000 is an unknown value
R10=0x000007f83dd71194 is an unknown value
R11=0x0000000000000002 is an unknown value
R12=0x00007f83de02f800 is a thread
R13=0xb000000000000000 is an unknown value
R14=0xb000000000000000 is an unknown value
R15=0x00007f83dd510960 is an unknown value


Stack: [0x0000700008209000,0x0000700008309000],  sp=0x00007000083089d0,  free space=1022k
Native frames: (J=compiled Java code, j=interpreted, Vv=VM code, C=native code)
V  [libjvm.dylib+0x448358]
V  [libjvm.dylib+0x357316]
C  [libjdwp.dylib+0x20780]  isMethodSynthetic+0x63
C  [libjdwp.dylib+0x51f3]  methods1+0x10b
C  [libjdwp.dylib+0x52ec]  methodsWithGeneric+0xe
C  [libjdwp.dylib+0xe898]  debugLoop_run+0x1ce
C  [libjdwp.dylib+0x1f6ba]  attachThread+0x4d
V  [libjvm.dylib+0x39867c]
V  [libjvm.dylib+0x563d17]
V  [libjvm.dylib+0x565412]
V  [libjvm.dylib+0x484f82]
C  [libsystem_pthread.dylib+0x3661]  _pthread_body+0x154
C  [libsystem_pthread.dylib+0x350d]  _pthread_body+0x0
C  [libsystem_pthread.dylib+0x2bf9]  thread_start+0xd
C  0x0000000000000000


---------------  P R O C E S S  ---------------

Java Threads: ( => current thread )
  0x00007f83df015800 JavaThread "Service Thread" daemon [_thread_blocked, id=16131, stack(0x000070000881b000,0x000070000891b000)]
  0x00007f83de84f000 JavaThread "C1 CompilerThread2" daemon [_thread_blocked, id=16387, stack(0x0000700008718000,0x0000700008818000)]
  0x00007f83df016800 JavaThread "C2 CompilerThread1" daemon [_thread_blocked, id=14083, stack(0x0000700008615000,0x0000700008715000)]
  0x00007f83dd826000 JavaThread "C2 CompilerThread0" daemon [_thread_blocked, id=13827, stack(0x0000700008512000,0x0000700008612000)]
  0x00007f83de800800 JavaThread "JDWP Command Reader" daemon [_thread_in_native, id=16899, stack(0x000070000840f000,0x000070000850f000)]
  0x00007f83dd824000 JavaThread "JDWP Event Helper Thread" daemon [_thread_blocked, id=17411, stack(0x000070000830c000,0x000070000840c000)]
=>0x00007f83de02f800 JavaThread "JDWP Transport Listener: dt_socket" daemon [_thread_in_vm, id=13063, stack(0x0000700008209000,0x0000700008309000)]
  0x00007f83dd823800 JavaThread "Signal Dispatcher" daemon [_thread_blocked, id=17667, stack(0x0000700008106000,0x0000700008206000)]
  0x00007f83de00a800 JavaThread "Finalizer" daemon [_thread_blocked, id=20227, stack(0x0000700008003000,0x0000700008103000)]
  0x00007f83dd80f800 JavaThread "Reference Handler" daemon [_thread_blocked, id=20739, stack(0x0000700007f00000,0x0000700008000000)]
  0x00007f83de802000 JavaThread "main" [_thread_blocked, id=9731, stack(0x00007000078ee000,0x00007000079ee000)]

Other Threads:
  0x00007f83de002000 VMThread [stack: 0x0000700007dfd000,0x0000700007efd000] [id=11523]
  0x00007f83df052800 WatcherThread [stack: 0x000070000891e000,0x0000700008a1e000] [id=15107]

VM state:not at safepoint (normal execution)

VM Mutex/Monitor currently owned by a thread: None

Heap:
 PSYoungGen      total 47616K, used 2457K [0x000000078ab00000, 0x000000078e000000, 0x00000007c0000000)
  eden space 40960K, 6% used [0x000000078ab00000,0x000000078ad66698,0x000000078d300000)
  from space 6656K, 0% used [0x000000078d980000,0x000000078d980000,0x000000078e000000)
  to   space 6656K, 0% used [0x000000078d300000,0x000000078d300000,0x000000078d980000)
 ParOldGen       total 109568K, used 0K [0x0000000720000000, 0x0000000726b00000, 0x000000078ab00000)
  object space 109568K, 0% used [0x0000000720000000,0x0000000720000000,0x0000000726b00000)
 Metaspace       used 2687K, capacity 4564K, committed 4864K, reserved 1056768K
  class space    used 288K, capacity 388K, committed 512K, reserved 1048576K

Card table byte_map: [0x000000010f5f0000,0x000000010faf1000] byte_map_base: 0x000000010bcf0000

Marking Bits: (ParMarkBitMap*) 0x000000010eae6eb0
 Begin Bits: [0x000000012296d000, 0x000000012516d000)
 End Bits:   [0x000000012516d000, 0x000000012796d000)

Polling page: 0x000000010d9f4000

CodeCache: size=245760Kb used=1079Kb max_used=1079Kb free=244680Kb
 bounds [0x000000011396d000, 0x0000000113bdd000, 0x000000012296d000]
 total_blobs=238 nmethods=16 adapters=145
 compilation: enabled

Compilation events (10 events):
Event: 0.215 Thread 0x00007f83de84f000   11       1       java.lang.ref.Reference::get (5 bytes)
Event: 0.216 Thread 0x00007f83de84f000 nmethod 11 0x0000000113a79250 code [0x0000000113a793a0, 0x0000000113a794b0]
Event: 0.218 Thread 0x00007f83de84f000   13       1       java.lang.ThreadLocal::access$400 (5 bytes)
Event: 0.218 Thread 0x00007f83de84f000 nmethod 13 0x0000000113a79510 code [0x0000000113a79660, 0x0000000113a79750]
Event: 0.229 Thread 0x00007f83de84f000   14       3       java.lang.System::getSecurityManager (4 bytes)
Event: 0.229 Thread 0x00007f83de84f000 nmethod 14 0x0000000113a7a1d0 code [0x0000000113a7a320, 0x0000000113a7a470]
Event: 92.191 Thread 0x00007f83de84f000   15       3       java.lang.AbstractStringBuilder::append (50 bytes)
Event: 92.192 Thread 0x00007f83de84f000 nmethod 15 0x0000000113a7a4d0 code [0x0000000113a7a680, 0x0000000113a7aba8]
Event: 1241.939 Thread 0x00007f83de84f000   16       3       java.lang.StringBuilder::append (8 bytes)
Event: 1241.939 Thread 0x00007f83de84f000 nmethod 16 0x0000000113a7ad90 code [0x0000000113a7af00, 0x0000000113a7b0a8]

GC Heap History (0 events):
No events

Deoptimization events (0 events):
No events

Internal exceptions (2 events):
Event: 0.042 Thread 0x00007f83de802000 Exception <a 'java/lang/NoSuchMethodError': Method sun.misc.Unsafe.defineClass(Ljava/lang/String;[BII)Ljava/lang/Class; name or signature does not match> (0x000000078ab07cc0) thrown at [/Users/java_re/workspace/8-2-build-macosx-x86_64/jdk8u91/6644/hotspot
Event: 0.042 Thread 0x00007f83de802000 Exception <a 'java/lang/NoSuchMethodError': Method sun.misc.Unsafe.prefetchRead(Ljava/lang/Object;J)V name or signature does not match> (0x000000078ab07fa8) thrown at [/Users/java_re/workspace/8-2-build-macosx-x86_64/jdk8u91/6644/hotspot/src/share/vm/prim

Events (10 events):
Event: 2514.108 Executing VM operation: GetCurrentLocation
Event: 2514.108 Executing VM operation: GetCurrentLocation done
Event: 2514.108 Executing VM operation: EnterInterpOnlyMode
Event: 2514.108 Executing VM operation: EnterInterpOnlyMode done
Event: 2514.108 Executing VM operation: ChangeSingleStep
Event: 2514.109 Executing VM operation: ChangeSingleStep done
Event: 2514.109 Executing VM operation: ChangeSingleStep
Event: 2514.109 Executing VM operation: ChangeSingleStep done
Event: 2514.111 Executing VM operation: RedefineClasses
Event: 2514.111 Executing VM operation: RedefineClasses done


Dynamic libraries:
0x0000000029d75000 	/System/Library/Frameworks/Cocoa.framework/Versions/A/Cocoa
0x0000000029d75000 	/System/Library/Frameworks/Security.framework/Versions/A/Security
0x0000000029d75000 	/System/Library/Frameworks/ApplicationServices.framework/Versions/A/ApplicationServices
0x0000000029d75000 	/usr/lib/libz.1.dylib
0x0000000029d75000 	/usr/lib/libSystem.B.dylib
0x0000000029d75000 	/usr/lib/libobjc.A.dylib
0x0000000029d75000 	/System/Library/Frameworks/CoreFoundation.framework/Versions/A/CoreFoundation
0x0000000029d75000 	/System/Library/Frameworks/Foundation.framework/Versions/C/Foundation
0x0000000029d75000 	/System/Library/Frameworks/AppKit.framework/Versions/C/AppKit
0x0000000029d75000 	/System/Library/Frameworks/CoreData.framework/Versions/A/CoreData
0x0000000029d75000 	/System/Library/PrivateFrameworks/RemoteViewServices.framework/Versions/A/RemoteViewServices
0x0000000029d75000 	/System/Library/PrivateFrameworks/UIFoundation.framework/Versions/A/UIFoundation
0x0000000029d75000 	/System/Library/PrivateFrameworks/DFRFoundation.framework/Versions/A/DFRFoundation
0x0000000029d75000 	/System/Library/Frameworks/Metal.framework/Versions/A/Metal
0x0000000029d75000 	/System/Library/PrivateFrameworks/DesktopServicesPriv.framework/Versions/A/DesktopServicesPriv
0x0000000029d75000 	/usr/lib/libenergytrace.dylib
0x0000000029d75000 	/System/Library/PrivateFrameworks/SkyLight.framework/Versions/A/SkyLight
0x0000000029d75000 	/System/Library/Frameworks/CoreGraphics.framework/Versions/A/CoreGraphics
0x0000000029d75000 	/usr/lib/libScreenReader.dylib
0x0000000029d75000 	/System/Library/Frameworks/Accelerate.framework/Versions/A/Accelerate
0x0000000029d75000 	/System/Library/Frameworks/IOSurface.framework/Versions/A/IOSurface
0x0000000029d75000 	/System/Library/Frameworks/AudioToolbox.framework/Versions/A/AudioToolbox
0x0000000029d75000 	/System/Library/Frameworks/AudioUnit.framework/Versions/A/AudioUnit
0x0000000029d75000 	/System/Library/PrivateFrameworks/DataDetectorsCore.framework/Versions/A/DataDetectorsCore
0x0000000029d75000 	/System/Library/Frameworks/Carbon.framework/Versions/A/Frameworks/HIToolbox.framework/Versions/A/HIToolbox
0x0000000029d75000 	/usr/lib/libicucore.A.dylib
0x0000000029d75000 	/System/Library/Frameworks/QuartzCore.framework/Versions/A/QuartzCore
0x0000000029d75000 	/System/Library/PrivateFrameworks/SignpostNotification.framework/Versions/A/SignpostNotification
0x0000000029d75000 	/System/Library/Frameworks/Carbon.framework/Versions/A/Frameworks/SpeechRecognition.framework/Versions/A/SpeechRecognition
0x0000000029d75000 	/usr/lib/libauto.dylib
0x0000000029d75000 	/usr/lib/libxml2.2.dylib
0x0000000029d75000 	/System/Library/PrivateFrameworks/CoreUI.framework/Versions/A/CoreUI
0x0000000029d75000 	/System/Library/Frameworks/CoreAudio.framework/Versions/A/CoreAudio
0x0000000029d75000 	/System/Library/Frameworks/DiskArbitration.framework/Versions/A/DiskArbitration
0x0000000029d75000 	/usr/lib/liblangid.dylib
0x0000000029d75000 	/System/Library/PrivateFrameworks/MultitouchSupport.framework/Versions/A/MultitouchSupport
0x0000000029d75000 	/System/Library/Frameworks/IOKit.framework/Versions/A/IOKit
0x0000000029d75000 	/usr/lib/libDiagnosticMessagesClient.dylib
0x0000000029d75000 	/System/Library/Frameworks/CoreServices.framework/Versions/A/CoreServices
0x0000000029d75000 	/System/Library/PrivateFrameworks/PerformanceAnalysis.framework/Versions/A/PerformanceAnalysis
0x0000000029d75000 	/System/Library/Frameworks/OpenGL.framework/Versions/A/OpenGL
0x0000000029d75000 	/System/Library/Frameworks/ColorSync.framework/Versions/A/ColorSync
0x0000000029d75000 	/System/Library/Frameworks/CoreImage.framework/Versions/A/CoreImage
0x0000000029d75000 	/System/Library/Frameworks/CoreText.framework/Versions/A/CoreText
0x0000000029d75000 	/System/Library/Frameworks/ImageIO.framework/Versions/A/ImageIO
0x0000000029d75000 	/System/Library/PrivateFrameworks/Backup.framework/Versions/A/Backup
0x0000000029d75000 	/usr/lib/libarchive.2.dylib
0x0000000029d75000 	/System/Library/Frameworks/CFNetwork.framework/Versions/A/CFNetwork
0x0000000029d75000 	/System/Library/Frameworks/SystemConfiguration.framework/Versions/A/SystemConfiguration
0x0000000029d75000 	/usr/lib/libCRFSuite.dylib
0x0000000029d75000 	/usr/lib/libc++.1.dylib
0x0000000029d75000 	/usr/lib/libc++abi.dylib
0x0000000029d75000 	/usr/lib/system/libcache.dylib
0x0000000029d75000 	/usr/lib/system/libcommonCrypto.dylib
0x0000000029d75000 	/usr/lib/system/libcompiler_rt.dylib
0x0000000029d75000 	/usr/lib/system/libcopyfile.dylib
0x0000000029d75000 	/usr/lib/system/libcorecrypto.dylib
0x0000000029d75000 	/usr/lib/system/libdispatch.dylib
0x0000000029d75000 	/usr/lib/system/libdyld.dylib
0x0000000029d75000 	/usr/lib/system/libkeymgr.dylib
0x0000000029d75000 	/usr/lib/system/liblaunch.dylib
0x0000000029d75000 	/usr/lib/system/libmacho.dylib
0x0000000029d75000 	/usr/lib/system/libquarantine.dylib
0x0000000029d75000 	/usr/lib/system/libremovefile.dylib
0x0000000029d75000 	/usr/lib/system/libsystem_asl.dylib
0x0000000029d75000 	/usr/lib/system/libsystem_blocks.dylib
0x0000000029d75000 	/usr/lib/system/libsystem_c.dylib
0x0000000029d75000 	/usr/lib/system/libsystem_configuration.dylib
0x0000000029d75000 	/usr/lib/system/libsystem_coreservices.dylib
0x0000000029d75000 	/usr/lib/system/libsystem_darwin.dylib
0x0000000029d75000 	/usr/lib/system/libsystem_dnssd.dylib
0x0000000029d75000 	/usr/lib/system/libsystem_info.dylib
0x0000000029d75000 	/usr/lib/system/libsystem_m.dylib
0x0000000029d75000 	/usr/lib/system/libsystem_malloc.dylib
0x0000000029d75000 	/usr/lib/system/libsystem_network.dylib
0x0000000029d75000 	/usr/lib/system/libsystem_networkextension.dylib
0x0000000029d75000 	/usr/lib/system/libsystem_notify.dylib
0x0000000029d75000 	/usr/lib/system/libsystem_sandbox.dylib
0x0000000029d75000 	/usr/lib/system/libsystem_secinit.dylib
0x0000000029d75000 	/usr/lib/system/libsystem_kernel.dylib
0x0000000029d75000 	/usr/lib/system/libsystem_platform.dylib
0x0000000029d75000 	/usr/lib/system/libsystem_pthread.dylib
0x0000000029d75000 	/usr/lib/system/libsystem_symptoms.dylib
0x0000000029d75000 	/usr/lib/system/libsystem_trace.dylib
0x0000000029d75000 	/usr/lib/system/libunwind.dylib
0x0000000029d75000 	/usr/lib/system/libxpc.dylib
0x0000000029d75000 	/usr/lib/closure/libclosured.dylib
0x0000000029d75000 	/usr/lib/libbsm.0.dylib
0x0000000029d75000 	/usr/lib/system/libkxld.dylib
0x0000000029d75000 	/usr/lib/libOpenScriptingUtil.dylib
0x0000000029d75000 	/usr/lib/libcoretls.dylib
0x0000000029d75000 	/usr/lib/libcoretls_cfhelpers.dylib
0x0000000029d75000 	/usr/lib/libpam.2.dylib
0x0000000029d75000 	/usr/lib/libsqlite3.dylib
0x0000000029d75000 	/usr/lib/libxar.1.dylib
0x0000000029d75000 	/usr/lib/libbz2.1.0.dylib
0x0000000029d75000 	/usr/lib/liblzma.5.dylib
0x0000000029d75000 	/usr/lib/libnetwork.dylib
0x0000000029d75000 	/usr/lib/libapple_nghttp2.dylib
0x0000000029d75000 	/usr/lib/libpcap.A.dylib
0x0000000029d75000 	/usr/lib/libboringssl.dylib
0x0000000029d75000 	/usr/lib/libusrtcp.dylib
0x0000000029d75000 	/usr/lib/libapple_crypto.dylib
0x0000000029d75000 	/System/Library/Frameworks/CoreServices.framework/Versions/A/Frameworks/FSEvents.framework/Versions/A/FSEvents
0x0000000029d75000 	/System/Library/Frameworks/CoreServices.framework/Versions/A/Frameworks/CarbonCore.framework/Versions/A/CarbonCore
0x0000000029d75000 	/System/Library/Frameworks/CoreServices.framework/Versions/A/Frameworks/Metadata.framework/Versions/A/Metadata
0x0000000029d75000 	/System/Library/Frameworks/CoreServices.framework/Versions/A/Frameworks/OSServices.framework/Versions/A/OSServices
0x0000000029d75000 	/System/Library/Frameworks/CoreServices.framework/Versions/A/Frameworks/SearchKit.framework/Versions/A/SearchKit
0x0000000029d75000 	/System/Library/Frameworks/CoreServices.framework/Versions/A/Frameworks/AE.framework/Versions/A/AE
0x0000000029d75000 	/System/Library/Frameworks/CoreServices.framework/Versions/A/Frameworks/LaunchServices.framework/Versions/A/LaunchServices
0x0000000029d75000 	/System/Library/Frameworks/CoreServices.framework/Versions/A/Frameworks/DictionaryServices.framework/Versions/A/DictionaryServices
0x0000000029d75000 	/System/Library/Frameworks/CoreServices.framework/Versions/A/Frameworks/SharedFileList.framework/Versions/A/SharedFileList
0x0000000029d75000 	/System/Library/Frameworks/NetFS.framework/Versions/A/NetFS
0x0000000029d75000 	/System/Library/PrivateFrameworks/NetAuth.framework/Versions/A/NetAuth
0x0000000029d75000 	/System/Library/PrivateFrameworks/login.framework/Versions/A/Frameworks/loginsupport.framework/Versions/A/loginsupport
0x0000000029d75000 	/System/Library/PrivateFrameworks/TCC.framework/Versions/A/TCC
0x0000000029d75000 	/usr/lib/libmecabra.dylib
0x0000000029d75000 	/System/Library/Frameworks/ApplicationServices.framework/Versions/A/Frameworks/ATS.framework/Versions/A/ATS
0x0000000029d75000 	/System/Library/Frameworks/ApplicationServices.framework/Versions/A/Frameworks/ColorSyncLegacy.framework/Versions/A/ColorSyncLegacy
0x0000000029d75000 	/System/Library/Frameworks/ApplicationServices.framework/Versions/A/Frameworks/HIServices.framework/Versions/A/HIServices
0x0000000029d75000 	/System/Library/Frameworks/ApplicationServices.framework/Versions/A/Frameworks/LangAnalysis.framework/Versions/A/LangAnalysis
0x0000000029d75000 	/System/Library/Frameworks/ApplicationServices.framework/Versions/A/Frameworks/PrintCore.framework/Versions/A/PrintCore
0x0000000029d75000 	/System/Library/Frameworks/ApplicationServices.framework/Versions/A/Frameworks/QD.framework/Versions/A/QD
0x0000000029d75000 	/System/Library/Frameworks/ApplicationServices.framework/Versions/A/Frameworks/SpeechSynthesis.framework/Versions/A/SpeechSynthesis
0x0000000029d75000 	/System/Library/Frameworks/CoreDisplay.framework/Versions/A/CoreDisplay
0x0000000029d75000 	/System/Library/Frameworks/Accelerate.framework/Versions/A/Frameworks/vImage.framework/Versions/A/vImage
0x0000000029d75000 	/System/Library/Frameworks/Accelerate.framework/Versions/A/Frameworks/vecLib.framework/Versions/A/vecLib
0x0000000029d75000 	/System/Library/Frameworks/Accelerate.framework/Versions/A/Frameworks/vecLib.framework/Versions/A/libvDSP.dylib
0x0000000029d75000 	/System/Library/Frameworks/Accelerate.framework/Versions/A/Frameworks/vecLib.framework/Versions/A/libBNNS.dylib
0x0000000029d75000 	/System/Library/Frameworks/Accelerate.framework/Versions/A/Frameworks/vecLib.framework/Versions/A/libQuadrature.dylib
0x0000000029d75000 	/System/Library/Frameworks/Accelerate.framework/Versions/A/Frameworks/vecLib.framework/Versions/A/libvMisc.dylib
0x0000000029d75000 	/System/Library/Frameworks/Accelerate.framework/Versions/A/Frameworks/vecLib.framework/Versions/A/libLAPACK.dylib
0x0000000029d75000 	/System/Library/Frameworks/Accelerate.framework/Versions/A/Frameworks/vecLib.framework/Versions/A/libBLAS.dylib
0x0000000029d75000 	/System/Library/Frameworks/Accelerate.framework/Versions/A/Frameworks/vecLib.framework/Versions/A/libLinearAlgebra.dylib
0x0000000029d75000 	/System/Library/Frameworks/Accelerate.framework/Versions/A/Frameworks/vecLib.framework/Versions/A/libSparse.dylib
0x0000000029d75000 	/System/Library/Frameworks/Accelerate.framework/Versions/A/Frameworks/vecLib.framework/Versions/A/libSparseBLAS.dylib
0x0000000029d75000 	/System/Library/PrivateFrameworks/GPUWrangler.framework/Versions/A/GPUWrangler
0x0000000029d75000 	/System/Library/PrivateFrameworks/IOAccelerator.framework/Versions/A/IOAccelerator
0x0000000029d75000 	/System/Library/PrivateFrameworks/IOPresentment.framework/Versions/A/IOPresentment
0x0000000029d75000 	/System/Library/PrivateFrameworks/DSExternalDisplay.framework/Versions/A/DSExternalDisplay
0x0000000029d75000 	/System/Library/Frameworks/OpenGL.framework/Versions/A/Libraries/libCoreFSCache.dylib
0x0000000029d75000 	/System/Library/Frameworks/CoreVideo.framework/Versions/A/CoreVideo
0x0000000029d75000 	/System/Library/PrivateFrameworks/GraphVisualizer.framework/Versions/A/GraphVisualizer
0x0000000029d75000 	/System/Library/Frameworks/MetalPerformanceShaders.framework/Versions/A/MetalPerformanceShaders
0x0000000029d75000 	/usr/lib/libFosl_dynamic.dylib
0x0000000029d75000 	/System/Library/PrivateFrameworks/FaceCore.framework/Versions/A/FaceCore
0x0000000029d75000 	/System/Library/Frameworks/OpenCL.framework/Versions/A/OpenCL
0x0000000029d75000 	/usr/lib/libcompression.dylib
0x0000000029d75000 	/System/Library/Frameworks/ApplicationServices.framework/Versions/A/Frameworks/ATS.framework/Versions/A/Resources/libFontParser.dylib
0x0000000029d75000 	/System/Library/Frameworks/ApplicationServices.framework/Versions/A/Frameworks/ATS.framework/Versions/A/Resources/libFontRegistry.dylib
0x0000000029d75000 	/System/Library/Frameworks/ImageIO.framework/Versions/A/Resources/libJPEG.dylib
0x0000000029d75000 	/System/Library/Frameworks/ImageIO.framework/Versions/A/Resources/libTIFF.dylib
0x0000000029d75000 	/System/Library/Frameworks/ImageIO.framework/Versions/A/Resources/libPng.dylib
0x0000000029d75000 	/System/Library/Frameworks/ImageIO.framework/Versions/A/Resources/libGIF.dylib
0x0000000029d75000 	/System/Library/Frameworks/ImageIO.framework/Versions/A/Resources/libJP2.dylib
0x0000000029d75000 	/System/Library/Frameworks/ImageIO.framework/Versions/A/Resources/libRadiance.dylib
0x0000000029d75000 	/System/Library/PrivateFrameworks/AppleJPEG.framework/Versions/A/AppleJPEG
0x0000000029d75000 	/System/Library/Frameworks/MetalPerformanceShaders.framework/Frameworks/MPSCore.framework/Versions/A/MPSCore
0x0000000029d75000 	/System/Library/Frameworks/MetalPerformanceShaders.framework/Frameworks/MPSImage.framework/Versions/A/MPSImage
0x0000000029d75000 	/System/Library/Frameworks/MetalPerformanceShaders.framework/Frameworks/MPSNeuralNetwork.framework/Versions/A/MPSNeuralNetwork
0x0000000029d75000 	/System/Library/Frameworks/MetalPerformanceShaders.framework/Frameworks/MPSMatrix.framework/Versions/A/MPSMatrix
0x0000000029d75000 	/System/Library/PrivateFrameworks/MetalTools.framework/Versions/A/MetalTools
0x0000000029d75000 	/System/Library/Frameworks/OpenGL.framework/Versions/A/Libraries/libGLU.dylib
0x0000000029d75000 	/System/Library/Frameworks/OpenGL.framework/Versions/A/Libraries/libGFXShared.dylib
0x0000000029d75000 	/System/Library/Frameworks/OpenGL.framework/Versions/A/Libraries/libGL.dylib
0x0000000029d75000 	/System/Library/Frameworks/OpenGL.framework/Versions/A/Libraries/libGLImage.dylib
0x0000000029d75000 	/System/Library/Frameworks/OpenGL.framework/Versions/A/Libraries/libCVMSPluginSupport.dylib
0x0000000029d75000 	/System/Library/Frameworks/OpenGL.framework/Versions/A/Libraries/libCoreVMClient.dylib
0x0000000029d75000 	/usr/lib/libcups.2.dylib
0x0000000029d75000 	/System/Library/Frameworks/Kerberos.framework/Versions/A/Kerberos
0x0000000029d75000 	/System/Library/Frameworks/GSS.framework/Versions/A/GSS
0x0000000029d75000 	/usr/lib/libresolv.9.dylib
0x0000000029d75000 	/usr/lib/libiconv.2.dylib
0x0000000029d75000 	/System/Library/PrivateFrameworks/Heimdal.framework/Versions/A/Heimdal
0x0000000029d75000 	/usr/lib/libheimdal-asn1.dylib
0x0000000029d75000 	/System/Library/Frameworks/OpenDirectory.framework/Versions/A/OpenDirectory
0x0000000029d75000 	/System/Library/PrivateFrameworks/CommonAuth.framework/Versions/A/CommonAuth
0x0000000029d75000 	/System/Library/Frameworks/OpenDirectory.framework/Versions/A/Frameworks/CFOpenDirectory.framework/Versions/A/CFOpenDirectory
0x0000000029d75000 	/System/Library/Frameworks/SecurityFoundation.framework/Versions/A/SecurityFoundation
0x0000000029d75000 	/System/Library/PrivateFrameworks/APFS.framework/Versions/A/APFS
0x0000000029d75000 	/usr/lib/libutil.dylib
0x0000000029d75000 	/System/Library/PrivateFrameworks/AppleSauce.framework/Versions/A/AppleSauce
0x0000000029d75000 	/System/Library/PrivateFrameworks/LinguisticData.framework/Versions/A/LinguisticData
0x0000000029d75000 	/usr/lib/libmarisa.dylib
0x0000000029d75000 	/System/Library/PrivateFrameworks/Lexicon.framework/Versions/A/Lexicon
0x0000000029d75000 	/usr/lib/libChineseTokenizer.dylib
0x0000000029d75000 	/usr/lib/libcmph.dylib
0x0000000029d75000 	/System/Library/PrivateFrameworks/LanguageModeling.framework/Versions/A/LanguageModeling
0x0000000029d75000 	/System/Library/PrivateFrameworks/CoreEmoji.framework/Versions/A/CoreEmoji
0x0000000029d75000 	/System/Library/Frameworks/ServiceManagement.framework/Versions/A/ServiceManagement
0x0000000029d75000 	/System/Library/PrivateFrameworks/BackgroundTaskManagement.framework/Versions/A/BackgroundTaskManagement
0x0000000029d75000 	/usr/lib/libxslt.1.dylib
0x0000000029d75000 	/System/Library/Frameworks/Carbon.framework/Versions/A/Frameworks/Ink.framework/Versions/A/Ink
0x0000000029d75000 	/System/Library/PrivateFrameworks/TextureIO.framework/Versions/A/TextureIO
0x0000000029d75000 	/usr/lib/libate.dylib
0x0000000029d75000 	/System/Library/PrivateFrameworks/CrashReporterSupport.framework/Versions/A/CrashReporterSupport
0x0000000029d75000 	/System/Library/PrivateFrameworks/Sharing.framework/Versions/A/Sharing
0x0000000029d75000 	/System/Library/PrivateFrameworks/IconServices.framework/Versions/A/IconServices
0x0000000029d75000 	/System/Library/PrivateFrameworks/AuthKit.framework/Versions/A/AuthKit
0x0000000029d75000 	/System/Library/PrivateFrameworks/Apple80211.framework/Versions/A/Apple80211
0x0000000029d75000 	/System/Library/PrivateFrameworks/CoreUtils.framework/Versions/A/CoreUtils
0x0000000029d75000 	/System/Library/Frameworks/CoreWLAN.framework/Versions/A/CoreWLAN
0x0000000029d75000 	/System/Library/Frameworks/IOBluetooth.framework/Versions/A/IOBluetooth
0x0000000029d75000 	/System/Library/PrivateFrameworks/ProtocolBuffer.framework/Versions/A/ProtocolBuffer
0x0000000029d75000 	/System/Library/PrivateFrameworks/MobileKeyBag.framework/Versions/A/MobileKeyBag
0x0000000029d75000 	/System/Library/PrivateFrameworks/CorePhoneNumbers.framework/Versions/A/CorePhoneNumbers
0x0000000029d75000 	/System/Library/PrivateFrameworks/AppleIDAuthSupport.framework/Versions/A/AppleIDAuthSupport
0x0000000029d75000 	/System/Library/PrivateFrameworks/KeychainCircle.framework/Versions/A/KeychainCircle
0x0000000029d75000 	/System/Library/PrivateFrameworks/CoreWiFi.framework/Versions/A/CoreWiFi
0x0000000029d75000 	/System/Library/Frameworks/CoreBluetooth.framework/Versions/A/CoreBluetooth
0x0000000029d75000 	/System/Library/PrivateFrameworks/DebugSymbols.framework/Versions/A/DebugSymbols
0x0000000029d75000 	/System/Library/PrivateFrameworks/CoreSymbolication.framework/Versions/A/CoreSymbolication
0x0000000029d75000 	/System/Library/PrivateFrameworks/Symbolication.framework/Versions/A/Symbolication
0x0000000029d75000 	/System/Library/PrivateFrameworks/AppleFSCompression.framework/Versions/A/AppleFSCompression
0x0000000029d75000 	/System/Library/PrivateFrameworks/SpeechRecognitionCore.framework/Versions/A/SpeechRecognitionCore
0x000000010e200000 	/Library/Java/JavaVirtualMachines/jdk1.8.0_91.jdk/Contents/Home/jre/lib/server/libjvm.dylib
0x0000000029d75000 	/usr/lib/libstdc++.6.0.9.dylib
0x000000010d9b1000 	/Library/Java/JavaVirtualMachines/jdk1.8.0_91.jdk/Contents/Home/jre/lib/libverify.dylib
0x000000010d9bf000 	/Library/Java/JavaVirtualMachines/jdk1.8.0_91.jdk/Contents/Home/jre/lib/libjava.dylib
0x000000010f194000 	/Library/Java/JavaVirtualMachines/jdk1.8.0_91.jdk/Contents/Home/jre/lib/libjdwp.dylib
0x000000010d9f5000 	/Library/Java/JavaVirtualMachines/jdk1.8.0_91.jdk/Contents/Home/jre/lib/libnpt.dylib
0x000000010f227000 	/Library/Java/JavaVirtualMachines/jdk1.8.0_91.jdk/Contents/Home/jre/lib/libzip.dylib
0x0000000029d75000 	/System/Library/Frameworks/JavaVM.framework/Versions/A/Frameworks/JavaRuntimeSupport.framework/Versions/A/JavaRuntimeSupport
0x0000000029d75000 	/System/Library/Frameworks/JavaVM.framework/Versions/A/Frameworks/JavaNativeFoundation.framework/Versions/A/JavaNativeFoundation
0x0000000029d75000 	/System/Library/Frameworks/JavaVM.framework/Versions/A/JavaVM
0x0000000029d75000 	/System/Library/Frameworks/Carbon.framework/Versions/A/Carbon
0x0000000029d75000 	/System/Library/PrivateFrameworks/JavaLaunching.framework/Versions/A/JavaLaunching
0x0000000029d75000 	/System/Library/Frameworks/Carbon.framework/Versions/A/Frameworks/CommonPanels.framework/Versions/A/CommonPanels
0x0000000029d75000 	/System/Library/Frameworks/Carbon.framework/Versions/A/Frameworks/Help.framework/Versions/A/Help
0x0000000029d75000 	/System/Library/Frameworks/Carbon.framework/Versions/A/Frameworks/ImageCapture.framework/Versions/A/ImageCapture
0x0000000029d75000 	/System/Library/Frameworks/Carbon.framework/Versions/A/Frameworks/OpenScripting.framework/Versions/A/OpenScripting
0x0000000029d75000 	/System/Library/Frameworks/Carbon.framework/Versions/A/Frameworks/Print.framework/Versions/A/Print
0x0000000029d75000 	/System/Library/Frameworks/Carbon.framework/Versions/A/Frameworks/SecurityHI.framework/Versions/A/SecurityHI
0x000000011380e000 	/Library/Java/JavaVirtualMachines/jdk1.8.0_91.jdk/Contents/Home/jre/lib/libdt_socket.dylib

VM Arguments:
jvm_args: -agentlib:jdwp=transport=dt_socket,suspend=y,address=localhost:64006 -Dfile.encoding=UTF-8 
java_command: com.coding.interviw.linkedList.LinkedListApp
java_class_path (initial): /Users/erwin/Documents/workspace/codingInterview/ArrayAndStrings/bin
Launcher Type: SUN_STANDARD

Environment Variables:
PATH=/usr/bin:/bin:/usr/sbin:/sbin
SHELL=/bin/bash

Signal Handlers:
SIGSEGV: [libjvm.dylib+0x5a97a1], sa_mask[0]=11111111011111110111111111111111, sa_flags=SA_ONSTACK|SA_RESTART|SA_SIGINFO
SIGBUS: [libjvm.dylib+0x5a97a1], sa_mask[0]=11111111011111110111111111111111, sa_flags=SA_RESTART|SA_SIGINFO
SIGFPE: [libjvm.dylib+0x482594], sa_mask[0]=11111111011111110111111111111111, sa_flags=SA_RESTART|SA_SIGINFO
SIGPIPE: [libjvm.dylib+0x482594], sa_mask[0]=11111111011111110111111111111111, sa_flags=SA_RESTART|SA_SIGINFO
SIGXFSZ: [libjvm.dylib+0x482594], sa_mask[0]=11111111011111110111111111111111, sa_flags=SA_RESTART|SA_SIGINFO
SIGILL: [libjvm.dylib+0x482594], sa_mask[0]=11111111011111110111111111111111, sa_flags=SA_RESTART|SA_SIGINFO
SIGUSR1: SIG_DFL, sa_mask[0]=00000000000000000000000000000000, sa_flags=none
SIGUSR2: [libjvm.dylib+0x4820b2], sa_mask[0]=00100000000000000000000000000000, sa_flags=SA_RESTART|SA_SIGINFO
SIGHUP: [libjvm.dylib+0x480689], sa_mask[0]=11111111011111110111111111111111, sa_flags=SA_RESTART|SA_SIGINFO
SIGINT: [libjvm.dylib+0x480689], sa_mask[0]=11111111011111110111111111111111, sa_flags=SA_RESTART|SA_SIGINFO
SIGTERM: [libjvm.dylib+0x480689], sa_mask[0]=11111111011111110111111111111111, sa_flags=SA_RESTART|SA_SIGINFO
SIGQUIT: [libjvm.dylib+0x480689], sa_mask[0]=11111111011111110111111111111111, sa_flags=SA_RESTART|SA_SIGINFO


---------------  S Y S T E M  ---------------

OS:Bsduname:Darwin 17.7.0 Darwin Kernel Version 17.7.0: Thu Dec 20 21:47:19 PST 2018; root:xnu-4570.71.22~1/RELEASE_X86_64 x86_64
rlimit: STACK 8192k, CORE 0k, NPROC 709, NOFILE 10240, AS infinity
load average:3.40 2.19 3.56

CPU:total 4 (2 cores per cpu, 2 threads per core) family 6 model 58 stepping 9, cmov, cx8, fxsr, mmx, sse, sse2, sse3, ssse3, sse4.1, sse4.2, popcnt, avx, aes, clmul, erms, ht, tsc, tscinvbit, tscinv

Memory: 4k page, physical 10485760k(1840224k free)

/proc/meminfo:


vm_info: Java HotSpot(TM) 64-Bit Server VM (25.91-b14) for bsd-amd64 JRE (1.8.0_91-b14), built on Apr  1 2016 01:03:00 by "java_re" with gcc 4.2.1 (Based on Apple Inc. build 5658) (LLVM build 2336.11.00)

time: Mon May 27 14:32:50 2019
elapsed time: 2514 seconds (0d 0h 41m 54s)

