#
# A fatal error has been detected by the Java Runtime Environment:
#
#  SIGSEGV (0xb) at pc=0x000000010d048358, pid=7722, tid=13575
#
# JRE version: Java(TM) SE Runtime Environment (8.0_91-b14) (build 1.8.0_91-b14)
# Java VM: Java HotSpot(TM) 64-Bit Server VM (25.91-b14 mixed mode bsd-amd64 compressed oops)
# Problematic frame:
# V  [libjvm.dylib+0x448358]  Method::checked_resolve_jmethod_id(_jmethodID*)+0xe
#
# Failed to write core dump. Core dumps have been disabled. To enable core dumping, try "ulimit -c unlimited" before starting Java again
#
# If you would like to submit a bug report, please visit:
#   http://bugreport.java.com/bugreport/crash.jsp
#

---------------  T H R E A D  ---------------

Current thread (0x00007fcd38023000):  JavaThread "JDWP Transport Listener: dt_socket" daemon [_thread_in_vm, id=13575, stack(0x0000700001953000,0x0000700001a53000)]

siginfo: si_signo: 11 (SIGSEGV), si_code: 0 (unknown), si_addr: 0x0000000000000000

Registers:
RAX=0x0000000000000001, RBX=0x0000700001a52a8b, RCX=0x000000010d418340, RDX=0x0000700001a52a8b
RSP=0x0000700001a529d0, RBP=0x0000700001a529e0, RSI=0x00007fcd38023000, RDI=0x746f6e6e412f0063
R8 =0x0000000000000000, R9 =0x00007fcd37625b50, R10=0x000007fcd37625fe, R11=0x0000000000000001
R12=0x00007fcd38023000, R13=0x746f6e6e412f0063, R14=0x746f6e6e412f0063, R15=0x00007fcd37702060
RIP=0x000000010d048358, EFLAGS=0x0000000000010206, ERR=0x0000000000000000
  TRAPNO=0x000000000000000d

Top of Stack: (sp=0x0000700001a529d0)
0x0000700001a529d0:   0000700001a52a8b 0000700001a52a8b
0x0000700001a529e0:   0000700001a52a40 000000010cf57316
0x0000700001a529f0:   00007fcd38023000 0000000000000000
0x0000700001a52a00:   0000000000000000 0000000000000000
0x0000700001a52a10:   00007fcd38023000 00007fcd38023000
0x0000700001a52a20:   0000700001a52a8b 0000700001a52a90
0x0000700001a52a30:   746f6e6e412f0063 000000000000000c
0x0000700001a52a40:   0000700001a52a60 000000010c3ca780
0x0000700001a52a50:   0000000000000001 0000700001a52b08
0x0000700001a52a60:   0000700001a52ad0 000000010c3af1f3
0x0000700001a52a70:   0000700001a52aa0 00007fcd37626c80
0x0000700001a52a80:   0000000d00000032 0000000a00a52b08
0x0000700001a52a90:   0000000000000000 0000000000000000
0x0000700001a52aa0:   0000000000000000 0000700001a52c90
0x0000700001a52ab0:   000000010c3d1e7a 00007fcd37626520
0x0000700001a52ac0:   0000700001a52b08 000000010c3dd598
0x0000700001a52ad0:   0000700001a52ae0 000000010c3af2ec
0x0000700001a52ae0:   0000700001a52d00 000000010c3b8898
0x0000700001a52af0:   000010e500000013 00000000000f0200
0x0000700001a52b00:   00007fcd37625c40 00007fcd37803b9f
0x0000700001a52b10:   0000000000000311 00007fcd376264e0
0x0000700001a52b20:   000001000000012c 0000700001a52b58
0x0000700001a52b30:   00007fcd37626500 00007f0000000000
0x0000700001a52b40:   000010e50000001c 00007fcd00006580
0x0000700001a52b50:   0000700001a52b58 cd7f00000d000000
0x0000700001a52b60:   08000000706d6237 737473694c646461
0x0000700001a52b70:   6f634c2871000000 676e69646f632f6d
0x0000700001a52b80:   69767265746e692f 64656b6e696c2f77
0x0000700001a52b90:   646f4e2f7473694c 632f6d6f634c3b65
0x0000700001a52ba0:   6e692f676e69646f 6c2f776976726574
0x0000700001a52bb0:   73694c64656b6e69 293b65646f4e2f74
0x0000700001a52bc0:   646f632f6d6f634c 65746e692f676e69 

Instructions: (pc=0x000000010d048358)
0x000000010d048338:   40 48 48 85 c0 75 e0 30 c0 0f b6 c0 5d c3 31 c0
0x000000010d048348:   5d c3 55 48 89 e5 53 48 83 ec 08 48 85 ff 74 24
0x000000010d048358:   48 8b 1f 48 85 db 74 1c 48 83 fb 37 74 16 48 8b
0x000000010d048368:   03 48 89 df ff 50 10 84 c0 b8 00 00 00 00 48 0f 

Register to memory mapping:

RAX=0x0000000000000001 is an unknown value
RBX=0x0000700001a52a8b is pointing into the stack for thread: 0x00007fcd38023000
RCX=0x000000010d418340: UseMembar+0 in /Library/Java/JavaVirtualMachines/jdk1.8.0_91.jdk/Contents/Home/jre/lib/server/libjvm.dylib at 0x000000010cc00000
RDX=0x0000700001a52a8b is pointing into the stack for thread: 0x00007fcd38023000
RSP=0x0000700001a529d0 is pointing into the stack for thread: 0x00007fcd38023000
RBP=0x0000700001a529e0 is pointing into the stack for thread: 0x00007fcd38023000
RSI=0x00007fcd38023000 is a thread
RDI=0x746f6e6e412f0063 is an unknown value
R8 =0x0000000000000000 is an unknown value
R9 =0x00007fcd37625b50 is an unknown value
R10=0x000007fcd37625fe is an unknown value
R11=0x0000000000000001 is an unknown value
R12=0x00007fcd38023000 is a thread
R13=0x746f6e6e412f0063 is an unknown value
R14=0x746f6e6e412f0063 is an unknown value
R15=0x00007fcd37702060 is an unknown value


Stack: [0x0000700001953000,0x0000700001a53000],  sp=0x0000700001a529d0,  free space=1022k
Native frames: (J=compiled Java code, j=interpreted, Vv=VM code, C=native code)
V  [libjvm.dylib+0x448358]  Method::checked_resolve_jmethod_id(_jmethodID*)+0xe
V  [libjvm.dylib+0x357316]  jvmti_IsMethodSynthetic+0xb2
C  [libjdwp.dylib+0x20780]  isMethodSynthetic+0x63
C  [libjdwp.dylib+0x51f3]  methods1+0x10b
C  [libjdwp.dylib+0x52ec]  methodsWithGeneric+0xe
C  [libjdwp.dylib+0xe898]  debugLoop_run+0x1ce
C  [libjdwp.dylib+0x1f6ba]  attachThread+0x4d
V  [libjvm.dylib+0x39867c]  JvmtiAgentThread::call_start_function()+0x38
V  [libjvm.dylib+0x563d17]  JavaThread::thread_main_inner()+0x9b
V  [libjvm.dylib+0x565412]  JavaThread::run()+0x1c2
V  [libjvm.dylib+0x484f82]  java_start(Thread*)+0xf6
C  [libsystem_pthread.dylib+0x3661]  _pthread_body+0x154
C  [libsystem_pthread.dylib+0x350d]  _pthread_body+0x0
C  [libsystem_pthread.dylib+0x2bf9]  thread_start+0xd
C  0x0000000000000000


---------------  P R O C E S S  ---------------

Java Threads: ( => current thread )
  0x00007fcd3902f800 JavaThread "Service Thread" daemon [_thread_blocked, id=15363, stack(0x0000700001f65000,0x0000700002065000)]
  0x00007fcd38844000 JavaThread "C1 CompilerThread2" daemon [_thread_blocked, id=17155, stack(0x0000700001e62000,0x0000700001f62000)]
  0x00007fcd38027000 JavaThread "C2 CompilerThread1" daemon [_thread_blocked, id=14851, stack(0x0000700001d5f000,0x0000700001e5f000)]
  0x00007fcd38845000 JavaThread "C2 CompilerThread0" daemon [_thread_blocked, id=14339, stack(0x0000700001c5c000,0x0000700001d5c000)]
  0x00007fcd3781b000 JavaThread "JDWP Command Reader" daemon [_thread_in_native, id=17667, stack(0x0000700001b59000,0x0000700001c59000)]
  0x00007fcd38000800 JavaThread "JDWP Event Helper Thread" daemon [_thread_blocked, id=13827, stack(0x0000700001a56000,0x0000700001b56000)]
=>0x00007fcd38023000 JavaThread "JDWP Transport Listener: dt_socket" daemon [_thread_in_vm, id=13575, stack(0x0000700001953000,0x0000700001a53000)]
  0x00007fcd39003000 JavaThread "Signal Dispatcher" daemon [_thread_blocked, id=13059, stack(0x0000700001850000,0x0000700001950000)]
  0x00007fcd38022800 JavaThread "Finalizer" daemon [_thread_blocked, id=20227, stack(0x000070000174d000,0x000070000184d000)]
  0x00007fcd37818800 JavaThread "Reference Handler" daemon [_thread_blocked, id=20739, stack(0x000070000164a000,0x000070000174a000)]
  0x00007fcd37808800 JavaThread "main" [_thread_blocked, id=9731, stack(0x0000700001038000,0x0000700001138000)]

Other Threads:
  0x00007fcd3881c000 VMThread [stack: 0x0000700001547000,0x0000700001647000] [id=20995]
  0x00007fcd38846000 WatcherThread [stack: 0x0000700002068000,0x0000700002168000] [id=16899]

VM state:not at safepoint (normal execution)

VM Mutex/Monitor currently owned by a thread: None

Heap:
 PSYoungGen      total 47616K, used 1638K [0x000000078ab00000, 0x000000078e000000, 0x00000007c0000000)
  eden space 40960K, 4% used [0x000000078ab00000,0x000000078ac999b8,0x000000078d300000)
  from space 6656K, 0% used [0x000000078d980000,0x000000078d980000,0x000000078e000000)
  to   space 6656K, 0% used [0x000000078d300000,0x000000078d300000,0x000000078d980000)
 ParOldGen       total 109568K, used 0K [0x0000000720000000, 0x0000000726b00000, 0x000000078ab00000)
  object space 109568K, 0% used [0x0000000720000000,0x0000000720000000,0x0000000726b00000)
 Metaspace       used 2688K, capacity 4564K, committed 4864K, reserved 1056768K
  class space    used 288K, capacity 388K, committed 512K, reserved 1048576K

Card table byte_map: [0x000000010dfa5000,0x000000010e4a6000] byte_map_base: 0x000000010a6a5000

Marking Bits: (ParMarkBitMap*) 0x000000010d4e6eb0
 Begin Bits: [0x00000001222f8000, 0x0000000124af8000)
 End Bits:   [0x0000000124af8000, 0x00000001272f8000)

Polling page: 0x000000010c3a9000

CodeCache: size=245760Kb used=1077Kb max_used=1077Kb free=244682Kb
 bounds [0x00000001132f8000, 0x0000000113568000, 0x00000001222f8000]
 total_blobs=238 nmethods=16 adapters=145
 compilation: enabled

Compilation events (10 events):
Event: 0.217 Thread 0x00007fcd38844000   11       1       java.lang.ref.Reference::get (5 bytes)
Event: 0.218 Thread 0x00007fcd38844000 nmethod 11 0x0000000113403950 code [0x0000000113403aa0, 0x0000000113403bb0]
Event: 0.221 Thread 0x00007fcd38844000   13       1       java.lang.ThreadLocal::access$400 (5 bytes)
Event: 0.221 Thread 0x00007fcd38844000 nmethod 13 0x0000000113403c10 code [0x0000000113403d60, 0x0000000113403e50]
Event: 0.229 Thread 0x00007fcd38844000   14       3       java.lang.StringBuilder::append (8 bytes)
Event: 0.229 Thread 0x00007fcd38844000 nmethod 14 0x00000001134048d0 code [0x0000000113404a40, 0x0000000113404be8]
Event: 0.233 Thread 0x00007fcd38844000   15       3       java.lang.System::getSecurityManager (4 bytes)
Event: 0.233 Thread 0x00007fcd38844000 nmethod 15 0x0000000113404c90 code [0x0000000113404de0, 0x0000000113404f30]
Event: 337.540 Thread 0x00007fcd38844000   16       3       java.lang.String::getChars (62 bytes)
Event: 337.541 Thread 0x00007fcd38844000 nmethod 16 0x0000000113404f90 code [0x0000000113405160, 0x00000001134055f8]

GC Heap History (0 events):
No events

Deoptimization events (0 events):
No events

Internal exceptions (2 events):
Event: 0.043 Thread 0x00007fcd37808800 Exception <a 'java/lang/NoSuchMethodError': Method sun.misc.Unsafe.defineClass(Ljava/lang/String;[BII)Ljava/lang/Class; name or signature does not match> (0x000000078ab07cc0) thrown at [/Users/java_re/workspace/8-2-build-macosx-x86_64/jdk8u91/6644/hotspot
Event: 0.043 Thread 0x00007fcd37808800 Exception <a 'java/lang/NoSuchMethodError': Method sun.misc.Unsafe.prefetchRead(Ljava/lang/Object;J)V name or signature does not match> (0x000000078ab07fa8) thrown at [/Users/java_re/workspace/8-2-build-macosx-x86_64/jdk8u91/6644/hotspot/src/share/vm/prim

Events (10 events):
Event: 1972.212 Executing VM operation: GetCurrentLocation
Event: 1972.213 Executing VM operation: GetCurrentLocation done
Event: 1972.213 Executing VM operation: EnterInterpOnlyMode
Event: 1972.213 Executing VM operation: EnterInterpOnlyMode done
Event: 1972.213 Executing VM operation: ChangeSingleStep
Event: 1972.213 Executing VM operation: ChangeSingleStep done
Event: 1972.213 Executing VM operation: ChangeSingleStep
Event: 1972.213 Executing VM operation: ChangeSingleStep done
Event: 1972.219 Executing VM operation: RedefineClasses
Event: 1972.219 Executing VM operation: RedefineClasses done


Dynamic libraries:
0x0000000029d75000 	/System/Library/Frameworks/Cocoa.framework/Versions/A/Cocoa
0x0000000029d75000 	/System/Library/Frameworks/Security.framework/Versions/A/Security
0x0000000029d75000 	/System/Library/Frameworks/ApplicationServices.framework/Versions/A/ApplicationServices
0x0000000029d75000 	/usr/lib/libz.1.dylib
0x0000000029d75000 	/usr/lib/libSystem.B.dylib
0x0000000029d75000 	/usr/lib/libobjc.A.dylib
0x0000000029d75000 	/System/Library/Frameworks/CoreFoundation.framework/Versions/A/CoreFoundation
0x0000000029d75000 	/System/Library/Frameworks/Foundation.framework/Versions/C/Foundation
0x0000000029d75000 	/System/Library/Frameworks/AppKit.framework/Versions/C/AppKit
0x0000000029d75000 	/System/Library/Frameworks/CoreData.framework/Versions/A/CoreData
0x0000000029d75000 	/System/Library/PrivateFrameworks/RemoteViewServices.framework/Versions/A/RemoteViewServices
0x0000000029d75000 	/System/Library/PrivateFrameworks/UIFoundation.framework/Versions/A/UIFoundation
0x0000000029d75000 	/System/Library/PrivateFrameworks/DFRFoundation.framework/Versions/A/DFRFoundation
0x0000000029d75000 	/System/Library/Frameworks/Metal.framework/Versions/A/Metal
0x0000000029d75000 	/System/Library/PrivateFrameworks/DesktopServicesPriv.framework/Versions/A/DesktopServicesPriv
0x0000000029d75000 	/usr/lib/libenergytrace.dylib
0x0000000029d75000 	/System/Library/PrivateFrameworks/SkyLight.framework/Versions/A/SkyLight
0x0000000029d75000 	/System/Library/Frameworks/CoreGraphics.framework/Versions/A/CoreGraphics
0x0000000029d75000 	/usr/lib/libScreenReader.dylib
0x0000000029d75000 	/System/Library/Frameworks/Accelerate.framework/Versions/A/Accelerate
0x0000000029d75000 	/System/Library/Frameworks/IOSurface.framework/Versions/A/IOSurface
0x0000000029d75000 	/System/Library/Frameworks/AudioToolbox.framework/Versions/A/AudioToolbox
0x0000000029d75000 	/System/Library/Frameworks/AudioUnit.framework/Versions/A/AudioUnit
0x0000000029d75000 	/System/Library/PrivateFrameworks/DataDetectorsCore.framework/Versions/A/DataDetectorsCore
0x0000000029d75000 	/System/Library/Frameworks/Carbon.framework/Versions/A/Frameworks/HIToolbox.framework/Versions/A/HIToolbox
0x0000000029d75000 	/usr/lib/libicucore.A.dylib
0x0000000029d75000 	/System/Library/Frameworks/QuartzCore.framework/Versions/A/QuartzCore
0x0000000029d75000 	/System/Library/PrivateFrameworks/SignpostNotification.framework/Versions/A/SignpostNotification
0x0000000029d75000 	/System/Library/Frameworks/Carbon.framework/Versions/A/Frameworks/SpeechRecognition.framework/Versions/A/SpeechRecognition
0x0000000029d75000 	/usr/lib/libauto.dylib
0x0000000029d75000 	/usr/lib/libxml2.2.dylib
0x0000000029d75000 	/System/Library/PrivateFrameworks/CoreUI.framework/Versions/A/CoreUI
0x0000000029d75000 	/System/Library/Frameworks/CoreAudio.framework/Versions/A/CoreAudio
0x0000000029d75000 	/System/Library/Frameworks/DiskArbitration.framework/Versions/A/DiskArbitration
0x0000000029d75000 	/usr/lib/liblangid.dylib
0x0000000029d75000 	/System/Library/PrivateFrameworks/MultitouchSupport.framework/Versions/A/MultitouchSupport
0x0000000029d75000 	/System/Library/Frameworks/IOKit.framework/Versions/A/IOKit
0x0000000029d75000 	/usr/lib/libDiagnosticMessagesClient.dylib
0x0000000029d75000 	/System/Library/Frameworks/CoreServices.framework/Versions/A/CoreServices
0x0000000029d75000 	/System/Library/PrivateFrameworks/PerformanceAnalysis.framework/Versions/A/PerformanceAnalysis
0x0000000029d75000 	/System/Library/Frameworks/OpenGL.framework/Versions/A/OpenGL
0x0000000029d75000 	/System/Library/Frameworks/ColorSync.framework/Versions/A/ColorSync
0x0000000029d75000 	/System/Library/Frameworks/CoreImage.framework/Versions/A/CoreImage
0x0000000029d75000 	/System/Library/Frameworks/CoreText.framework/Versions/A/CoreText
0x0000000029d75000 	/System/Library/Frameworks/ImageIO.framework/Versions/A/ImageIO
0x0000000029d75000 	/System/Library/PrivateFrameworks/Backup.framework/Versions/A/Backup
0x0000000029d75000 	/usr/lib/libarchive.2.dylib
0x0000000029d75000 	/System/Library/Frameworks/CFNetwork.framework/Versions/A/CFNetwork
0x0000000029d75000 	/System/Library/Frameworks/SystemConfiguration.framework/Versions/A/SystemConfiguration
0x0000000029d75000 	/usr/lib/libCRFSuite.dylib
0x0000000029d75000 	/usr/lib/libc++.1.dylib
0x0000000029d75000 	/usr/lib/libc++abi.dylib
0x0000000029d75000 	/usr/lib/system/libcache.dylib
0x0000000029d75000 	/usr/lib/system/libcommonCrypto.dylib
0x0000000029d75000 	/usr/lib/system/libcompiler_rt.dylib
0x0000000029d75000 	/usr/lib/system/libcopyfile.dylib
0x0000000029d75000 	/usr/lib/system/libcorecrypto.dylib
0x0000000029d75000 	/usr/lib/system/libdispatch.dylib
0x0000000029d75000 	/usr/lib/system/libdyld.dylib
0x0000000029d75000 	/usr/lib/system/libkeymgr.dylib
0x0000000029d75000 	/usr/lib/system/liblaunch.dylib
0x0000000029d75000 	/usr/lib/system/libmacho.dylib
0x0000000029d75000 	/usr/lib/system/libquarantine.dylib
0x0000000029d75000 	/usr/lib/system/libremovefile.dylib
0x0000000029d75000 	/usr/lib/system/libsystem_asl.dylib
0x0000000029d75000 	/usr/lib/system/libsystem_blocks.dylib
0x0000000029d75000 	/usr/lib/system/libsystem_c.dylib
0x0000000029d75000 	/usr/lib/system/libsystem_configuration.dylib
0x0000000029d75000 	/usr/lib/system/libsystem_coreservices.dylib
0x0000000029d75000 	/usr/lib/system/libsystem_darwin.dylib
0x0000000029d75000 	/usr/lib/system/libsystem_dnssd.dylib
0x0000000029d75000 	/usr/lib/system/libsystem_info.dylib
0x0000000029d75000 	/usr/lib/system/libsystem_m.dylib
0x0000000029d75000 	/usr/lib/system/libsystem_malloc.dylib
0x0000000029d75000 	/usr/lib/system/libsystem_network.dylib
0x0000000029d75000 	/usr/lib/system/libsystem_networkextension.dylib
0x0000000029d75000 	/usr/lib/system/libsystem_notify.dylib
0x0000000029d75000 	/usr/lib/system/libsystem_sandbox.dylib
0x0000000029d75000 	/usr/lib/system/libsystem_secinit.dylib
0x0000000029d75000 	/usr/lib/system/libsystem_kernel.dylib
0x0000000029d75000 	/usr/lib/system/libsystem_platform.dylib
0x0000000029d75000 	/usr/lib/system/libsystem_pthread.dylib
0x0000000029d75000 	/usr/lib/system/libsystem_symptoms.dylib
0x0000000029d75000 	/usr/lib/system/libsystem_trace.dylib
0x0000000029d75000 	/usr/lib/system/libunwind.dylib
0x0000000029d75000 	/usr/lib/system/libxpc.dylib
0x0000000029d75000 	/usr/lib/closure/libclosured.dylib
0x0000000029d75000 	/usr/lib/libbsm.0.dylib
0x0000000029d75000 	/usr/lib/system/libkxld.dylib
0x0000000029d75000 	/usr/lib/libOpenScriptingUtil.dylib
0x0000000029d75000 	/usr/lib/libcoretls.dylib
0x0000000029d75000 	/usr/lib/libcoretls_cfhelpers.dylib
0x0000000029d75000 	/usr/lib/libpam.2.dylib
0x0000000029d75000 	/usr/lib/libsqlite3.dylib
0x0000000029d75000 	/usr/lib/libxar.1.dylib
0x0000000029d75000 	/usr/lib/libbz2.1.0.dylib
0x0000000029d75000 	/usr/lib/liblzma.5.dylib
0x0000000029d75000 	/usr/lib/libnetwork.dylib
0x0000000029d75000 	/usr/lib/libapple_nghttp2.dylib
0x0000000029d75000 	/usr/lib/libpcap.A.dylib
0x0000000029d75000 	/usr/lib/libboringssl.dylib
0x0000000029d75000 	/usr/lib/libusrtcp.dylib
0x0000000029d75000 	/usr/lib/libapple_crypto.dylib
0x0000000029d75000 	/System/Library/Frameworks/CoreServices.framework/Versions/A/Frameworks/FSEvents.framework/Versions/A/FSEvents
0x0000000029d75000 	/System/Library/Frameworks/CoreServices.framework/Versions/A/Frameworks/CarbonCore.framework/Versions/A/CarbonCore
0x0000000029d75000 	/System/Library/Frameworks/CoreServices.framework/Versions/A/Frameworks/Metadata.framework/Versions/A/Metadata
0x0000000029d75000 	/System/Library/Frameworks/CoreServices.framework/Versions/A/Frameworks/OSServices.framework/Versions/A/OSServices
0x0000000029d75000 	/System/Library/Frameworks/CoreServices.framework/Versions/A/Frameworks/SearchKit.framework/Versions/A/SearchKit
0x0000000029d75000 	/System/Library/Frameworks/CoreServices.framework/Versions/A/Frameworks/AE.framework/Versions/A/AE
0x0000000029d75000 	/System/Library/Frameworks/CoreServices.framework/Versions/A/Frameworks/LaunchServices.framework/Versions/A/LaunchServices
0x0000000029d75000 	/System/Library/Frameworks/CoreServices.framework/Versions/A/Frameworks/DictionaryServices.framework/Versions/A/DictionaryServices
0x0000000029d75000 	/System/Library/Frameworks/CoreServices.framework/Versions/A/Frameworks/SharedFileList.framework/Versions/A/SharedFileList
0x0000000029d75000 	/System/Library/Frameworks/NetFS.framework/Versions/A/NetFS
0x0000000029d75000 	/System/Library/PrivateFrameworks/NetAuth.framework/Versions/A/NetAuth
0x0000000029d75000 	/System/Library/PrivateFrameworks/login.framework/Versions/A/Frameworks/loginsupport.framework/Versions/A/loginsupport
0x0000000029d75000 	/System/Library/PrivateFrameworks/TCC.framework/Versions/A/TCC
0x0000000029d75000 	/usr/lib/libmecabra.dylib
0x0000000029d75000 	/System/Library/Frameworks/ApplicationServices.framework/Versions/A/Frameworks/ATS.framework/Versions/A/ATS
0x0000000029d75000 	/System/Library/Frameworks/ApplicationServices.framework/Versions/A/Frameworks/ColorSyncLegacy.framework/Versions/A/ColorSyncLegacy
0x0000000029d75000 	/System/Library/Frameworks/ApplicationServices.framework/Versions/A/Frameworks/HIServices.framework/Versions/A/HIServices
0x0000000029d75000 	/System/Library/Frameworks/ApplicationServices.framework/Versions/A/Frameworks/LangAnalysis.framework/Versions/A/LangAnalysis
0x0000000029d75000 	/System/Library/Frameworks/ApplicationServices.framework/Versions/A/Frameworks/PrintCore.framework/Versions/A/PrintCore
0x0000000029d75000 	/System/Library/Frameworks/ApplicationServices.framework/Versions/A/Frameworks/QD.framework/Versions/A/QD
0x0000000029d75000 	/System/Library/Frameworks/ApplicationServices.framework/Versions/A/Frameworks/SpeechSynthesis.framework/Versions/A/SpeechSynthesis
0x0000000029d75000 	/System/Library/Frameworks/CoreDisplay.framework/Versions/A/CoreDisplay
0x0000000029d75000 	/System/Library/Frameworks/Accelerate.framework/Versions/A/Frameworks/vImage.framework/Versions/A/vImage
0x0000000029d75000 	/System/Library/Frameworks/Accelerate.framework/Versions/A/Frameworks/vecLib.framework/Versions/A/vecLib
0x0000000029d75000 	/System/Library/Frameworks/Accelerate.framework/Versions/A/Frameworks/vecLib.framework/Versions/A/libvDSP.dylib
0x0000000029d75000 	/System/Library/Frameworks/Accelerate.framework/Versions/A/Frameworks/vecLib.framework/Versions/A/libBNNS.dylib
0x0000000029d75000 	/System/Library/Frameworks/Accelerate.framework/Versions/A/Frameworks/vecLib.framework/Versions/A/libQuadrature.dylib
0x0000000029d75000 	/System/Library/Frameworks/Accelerate.framework/Versions/A/Frameworks/vecLib.framework/Versions/A/libvMisc.dylib
0x0000000029d75000 	/System/Library/Frameworks/Accelerate.framework/Versions/A/Frameworks/vecLib.framework/Versions/A/libLAPACK.dylib
0x0000000029d75000 	/System/Library/Frameworks/Accelerate.framework/Versions/A/Frameworks/vecLib.framework/Versions/A/libBLAS.dylib
0x0000000029d75000 	/System/Library/Frameworks/Accelerate.framework/Versions/A/Frameworks/vecLib.framework/Versions/A/libLinearAlgebra.dylib
0x0000000029d75000 	/System/Library/Frameworks/Accelerate.framework/Versions/A/Frameworks/vecLib.framework/Versions/A/libSparse.dylib
0x0000000029d75000 	/System/Library/Frameworks/Accelerate.framework/Versions/A/Frameworks/vecLib.framework/Versions/A/libSparseBLAS.dylib
0x0000000029d75000 	/System/Library/PrivateFrameworks/GPUWrangler.framework/Versions/A/GPUWrangler
0x0000000029d75000 	/System/Library/PrivateFrameworks/IOAccelerator.framework/Versions/A/IOAccelerator
0x0000000029d75000 	/System/Library/PrivateFrameworks/IOPresentment.framework/Versions/A/IOPresentment
0x0000000029d75000 	/System/Library/PrivateFrameworks/DSExternalDisplay.framework/Versions/A/DSExternalDisplay
0x0000000029d75000 	/System/Library/Frameworks/OpenGL.framework/Versions/A/Libraries/libCoreFSCache.dylib
0x0000000029d75000 	/System/Library/Frameworks/CoreVideo.framework/Versions/A/CoreVideo
0x0000000029d75000 	/System/Library/PrivateFrameworks/GraphVisualizer.framework/Versions/A/GraphVisualizer
0x0000000029d75000 	/System/Library/Frameworks/MetalPerformanceShaders.framework/Versions/A/MetalPerformanceShaders
0x0000000029d75000 	/usr/lib/libFosl_dynamic.dylib
0x0000000029d75000 	/System/Library/PrivateFrameworks/FaceCore.framework/Versions/A/FaceCore
0x0000000029d75000 	/System/Library/Frameworks/OpenCL.framework/Versions/A/OpenCL
0x0000000029d75000 	/usr/lib/libcompression.dylib
0x0000000029d75000 	/System/Library/Frameworks/ApplicationServices.framework/Versions/A/Frameworks/ATS.framework/Versions/A/Resources/libFontParser.dylib
0x0000000029d75000 	/System/Library/Frameworks/ApplicationServices.framework/Versions/A/Frameworks/ATS.framework/Versions/A/Resources/libFontRegistry.dylib
0x0000000029d75000 	/System/Library/Frameworks/ImageIO.framework/Versions/A/Resources/libJPEG.dylib
0x0000000029d75000 	/System/Library/Frameworks/ImageIO.framework/Versions/A/Resources/libTIFF.dylib
0x0000000029d75000 	/System/Library/Frameworks/ImageIO.framework/Versions/A/Resources/libPng.dylib
0x0000000029d75000 	/System/Library/Frameworks/ImageIO.framework/Versions/A/Resources/libGIF.dylib
0x0000000029d75000 	/System/Library/Frameworks/ImageIO.framework/Versions/A/Resources/libJP2.dylib
0x0000000029d75000 	/System/Library/Frameworks/ImageIO.framework/Versions/A/Resources/libRadiance.dylib
0x0000000029d75000 	/System/Library/PrivateFrameworks/AppleJPEG.framework/Versions/A/AppleJPEG
0x0000000029d75000 	/System/Library/Frameworks/MetalPerformanceShaders.framework/Frameworks/MPSCore.framework/Versions/A/MPSCore
0x0000000029d75000 	/System/Library/Frameworks/MetalPerformanceShaders.framework/Frameworks/MPSImage.framework/Versions/A/MPSImage
0x0000000029d75000 	/System/Library/Frameworks/MetalPerformanceShaders.framework/Frameworks/MPSNeuralNetwork.framework/Versions/A/MPSNeuralNetwork
0x0000000029d75000 	/System/Library/Frameworks/MetalPerformanceShaders.framework/Frameworks/MPSMatrix.framework/Versions/A/MPSMatrix
0x0000000029d75000 	/System/Library/PrivateFrameworks/MetalTools.framework/Versions/A/MetalTools
0x0000000029d75000 	/System/Library/Frameworks/OpenGL.framework/Versions/A/Libraries/libGLU.dylib
0x0000000029d75000 	/System/Library/Frameworks/OpenGL.framework/Versions/A/Libraries/libGFXShared.dylib
0x0000000029d75000 	/System/Library/Frameworks/OpenGL.framework/Versions/A/Libraries/libGL.dylib
0x0000000029d75000 	/System/Library/Frameworks/OpenGL.framework/Versions/A/Libraries/libGLImage.dylib
0x0000000029d75000 	/System/Library/Frameworks/OpenGL.framework/Versions/A/Libraries/libCVMSPluginSupport.dylib
0x0000000029d75000 	/System/Library/Frameworks/OpenGL.framework/Versions/A/Libraries/libCoreVMClient.dylib
0x0000000029d75000 	/usr/lib/libcups.2.dylib
0x0000000029d75000 	/System/Library/Frameworks/Kerberos.framework/Versions/A/Kerberos
0x0000000029d75000 	/System/Library/Frameworks/GSS.framework/Versions/A/GSS
0x0000000029d75000 	/usr/lib/libresolv.9.dylib
0x0000000029d75000 	/usr/lib/libiconv.2.dylib
0x0000000029d75000 	/System/Library/PrivateFrameworks/Heimdal.framework/Versions/A/Heimdal
0x0000000029d75000 	/usr/lib/libheimdal-asn1.dylib
0x0000000029d75000 	/System/Library/Frameworks/OpenDirectory.framework/Versions/A/OpenDirectory
0x0000000029d75000 	/System/Library/PrivateFrameworks/CommonAuth.framework/Versions/A/CommonAuth
0x0000000029d75000 	/System/Library/Frameworks/OpenDirectory.framework/Versions/A/Frameworks/CFOpenDirectory.framework/Versions/A/CFOpenDirectory
0x0000000029d75000 	/System/Library/Frameworks/SecurityFoundation.framework/Versions/A/SecurityFoundation
0x0000000029d75000 	/System/Library/PrivateFrameworks/APFS.framework/Versions/A/APFS
0x0000000029d75000 	/usr/lib/libutil.dylib
0x0000000029d75000 	/System/Library/PrivateFrameworks/AppleSauce.framework/Versions/A/AppleSauce
0x0000000029d75000 	/System/Library/PrivateFrameworks/LinguisticData.framework/Versions/A/LinguisticData
0x0000000029d75000 	/usr/lib/libmarisa.dylib
0x0000000029d75000 	/System/Library/PrivateFrameworks/Lexicon.framework/Versions/A/Lexicon
0x0000000029d75000 	/usr/lib/libChineseTokenizer.dylib
0x0000000029d75000 	/usr/lib/libcmph.dylib
0x0000000029d75000 	/System/Library/PrivateFrameworks/LanguageModeling.framework/Versions/A/LanguageModeling
0x0000000029d75000 	/System/Library/PrivateFrameworks/CoreEmoji.framework/Versions/A/CoreEmoji
0x0000000029d75000 	/System/Library/Frameworks/ServiceManagement.framework/Versions/A/ServiceManagement
0x0000000029d75000 	/System/Library/PrivateFrameworks/BackgroundTaskManagement.framework/Versions/A/BackgroundTaskManagement
0x0000000029d75000 	/usr/lib/libxslt.1.dylib
0x0000000029d75000 	/System/Library/Frameworks/Carbon.framework/Versions/A/Frameworks/Ink.framework/Versions/A/Ink
0x0000000029d75000 	/System/Library/PrivateFrameworks/TextureIO.framework/Versions/A/TextureIO
0x0000000029d75000 	/usr/lib/libate.dylib
0x0000000029d75000 	/System/Library/PrivateFrameworks/CrashReporterSupport.framework/Versions/A/CrashReporterSupport
0x0000000029d75000 	/System/Library/PrivateFrameworks/Sharing.framework/Versions/A/Sharing
0x0000000029d75000 	/System/Library/PrivateFrameworks/IconServices.framework/Versions/A/IconServices
0x0000000029d75000 	/System/Library/PrivateFrameworks/AuthKit.framework/Versions/A/AuthKit
0x0000000029d75000 	/System/Library/PrivateFrameworks/Apple80211.framework/Versions/A/Apple80211
0x0000000029d75000 	/System/Library/PrivateFrameworks/CoreUtils.framework/Versions/A/CoreUtils
0x0000000029d75000 	/System/Library/Frameworks/CoreWLAN.framework/Versions/A/CoreWLAN
0x0000000029d75000 	/System/Library/Frameworks/IOBluetooth.framework/Versions/A/IOBluetooth
0x0000000029d75000 	/System/Library/PrivateFrameworks/ProtocolBuffer.framework/Versions/A/ProtocolBuffer
0x0000000029d75000 	/System/Library/PrivateFrameworks/MobileKeyBag.framework/Versions/A/MobileKeyBag
0x0000000029d75000 	/System/Library/PrivateFrameworks/CorePhoneNumbers.framework/Versions/A/CorePhoneNumbers
0x0000000029d75000 	/System/Library/PrivateFrameworks/AppleIDAuthSupport.framework/Versions/A/AppleIDAuthSupport
0x0000000029d75000 	/System/Library/PrivateFrameworks/KeychainCircle.framework/Versions/A/KeychainCircle
0x0000000029d75000 	/System/Library/PrivateFrameworks/CoreWiFi.framework/Versions/A/CoreWiFi
0x0000000029d75000 	/System/Library/Frameworks/CoreBluetooth.framework/Versions/A/CoreBluetooth
0x0000000029d75000 	/System/Library/PrivateFrameworks/DebugSymbols.framework/Versions/A/DebugSymbols
0x0000000029d75000 	/System/Library/PrivateFrameworks/CoreSymbolication.framework/Versions/A/CoreSymbolication
0x0000000029d75000 	/System/Library/PrivateFrameworks/Symbolication.framework/Versions/A/Symbolication
0x0000000029d75000 	/System/Library/PrivateFrameworks/AppleFSCompression.framework/Versions/A/AppleFSCompression
0x0000000029d75000 	/System/Library/PrivateFrameworks/SpeechRecognitionCore.framework/Versions/A/SpeechRecognitionCore
0x000000010cc00000 	/Library/Java/JavaVirtualMachines/jdk1.8.0_91.jdk/Contents/Home/jre/lib/server/libjvm.dylib
0x0000000029d75000 	/usr/lib/libstdc++.6.0.9.dylib
0x000000010c366000 	/Library/Java/JavaVirtualMachines/jdk1.8.0_91.jdk/Contents/Home/jre/lib/libverify.dylib
0x000000010c374000 	/Library/Java/JavaVirtualMachines/jdk1.8.0_91.jdk/Contents/Home/jre/lib/libjava.dylib
0x000000010c3aa000 	/Library/Java/JavaVirtualMachines/jdk1.8.0_91.jdk/Contents/Home/jre/lib/libjdwp.dylib
0x000000010c3f5000 	/Library/Java/JavaVirtualMachines/jdk1.8.0_91.jdk/Contents/Home/jre/lib/libnpt.dylib
0x000000010dbdc000 	/Library/Java/JavaVirtualMachines/jdk1.8.0_91.jdk/Contents/Home/jre/lib/libzip.dylib
0x0000000029d75000 	/System/Library/Frameworks/JavaVM.framework/Versions/A/Frameworks/JavaRuntimeSupport.framework/Versions/A/JavaRuntimeSupport
0x0000000029d75000 	/System/Library/Frameworks/JavaVM.framework/Versions/A/Frameworks/JavaNativeFoundation.framework/Versions/A/JavaNativeFoundation
0x0000000029d75000 	/System/Library/Frameworks/JavaVM.framework/Versions/A/JavaVM
0x0000000029d75000 	/System/Library/Frameworks/Carbon.framework/Versions/A/Carbon
0x0000000029d75000 	/System/Library/PrivateFrameworks/JavaLaunching.framework/Versions/A/JavaLaunching
0x0000000029d75000 	/System/Library/Frameworks/Carbon.framework/Versions/A/Frameworks/CommonPanels.framework/Versions/A/CommonPanels
0x0000000029d75000 	/System/Library/Frameworks/Carbon.framework/Versions/A/Frameworks/Help.framework/Versions/A/Help
0x0000000029d75000 	/System/Library/Frameworks/Carbon.framework/Versions/A/Frameworks/ImageCapture.framework/Versions/A/ImageCapture
0x0000000029d75000 	/System/Library/Frameworks/Carbon.framework/Versions/A/Frameworks/OpenScripting.framework/Versions/A/OpenScripting
0x0000000029d75000 	/System/Library/Frameworks/Carbon.framework/Versions/A/Frameworks/Print.framework/Versions/A/Print
0x0000000029d75000 	/System/Library/Frameworks/Carbon.framework/Versions/A/Frameworks/SecurityHI.framework/Versions/A/SecurityHI
0x00000001121c3000 	/Library/Java/JavaVirtualMachines/jdk1.8.0_91.jdk/Contents/Home/jre/lib/libdt_socket.dylib

VM Arguments:
jvm_args: -agentlib:jdwp=transport=dt_socket,suspend=y,address=localhost:49749 -Dfile.encoding=UTF-8 
java_command: com.coding.interviw.linkedList.LinkedListApp
java_class_path (initial): /Users/erwin/Documents/workspace/codingInterview/ArrayAndStrings/bin
Launcher Type: SUN_STANDARD

Environment Variables:
PATH=/usr/bin:/bin:/usr/sbin:/sbin
SHELL=/bin/bash

Signal Handlers:
SIGSEGV: [libjvm.dylib+0x5a97a1], sa_mask[0]=11111111011111110111111111111111, sa_flags=SA_ONSTACK|SA_RESTART|SA_SIGINFO
SIGBUS: [libjvm.dylib+0x5a97a1], sa_mask[0]=11111111011111110111111111111111, sa_flags=SA_RESTART|SA_SIGINFO
SIGFPE: [libjvm.dylib+0x482594], sa_mask[0]=11111111011111110111111111111111, sa_flags=SA_RESTART|SA_SIGINFO
SIGPIPE: [libjvm.dylib+0x482594], sa_mask[0]=11111111011111110111111111111111, sa_flags=SA_RESTART|SA_SIGINFO
SIGXFSZ: [libjvm.dylib+0x482594], sa_mask[0]=11111111011111110111111111111111, sa_flags=SA_RESTART|SA_SIGINFO
SIGILL: [libjvm.dylib+0x482594], sa_mask[0]=11111111011111110111111111111111, sa_flags=SA_RESTART|SA_SIGINFO
SIGUSR1: SIG_DFL, sa_mask[0]=00000000000000000000000000000000, sa_flags=none
SIGUSR2: [libjvm.dylib+0x4820b2], sa_mask[0]=00100000000000000000000000000000, sa_flags=SA_RESTART|SA_SIGINFO
SIGHUP: [libjvm.dylib+0x480689], sa_mask[0]=11111111011111110111111111111111, sa_flags=SA_RESTART|SA_SIGINFO
SIGINT: [libjvm.dylib+0x480689], sa_mask[0]=11111111011111110111111111111111, sa_flags=SA_RESTART|SA_SIGINFO
SIGTERM: [libjvm.dylib+0x480689], sa_mask[0]=11111111011111110111111111111111, sa_flags=SA_RESTART|SA_SIGINFO
SIGQUIT: [libjvm.dylib+0x480689], sa_mask[0]=11111111011111110111111111111111, sa_flags=SA_RESTART|SA_SIGINFO


---------------  S Y S T E M  ---------------

OS:Bsduname:Darwin 17.7.0 Darwin Kernel Version 17.7.0: Thu Dec 20 21:47:19 PST 2018; root:xnu-4570.71.22~1/RELEASE_X86_64 x86_64
rlimit: STACK 8192k, CORE 0k, NPROC 709, NOFILE 10240, AS infinity
load average:1.75 1.98 3.05

CPU:total 4 (2 cores per cpu, 2 threads per core) family 6 model 58 stepping 9, cmov, cx8, fxsr, mmx, sse, sse2, sse3, ssse3, sse4.1, sse4.2, popcnt, avx, aes, clmul, erms, ht, tsc, tscinvbit, tscinv

Memory: 4k page, physical 10485760k(44280k free)

/proc/meminfo:


vm_info: Java HotSpot(TM) 64-Bit Server VM (25.91-b14) for bsd-amd64 JRE (1.8.0_91-b14), built on Apr  1 2016 01:03:00 by "java_re" with gcc 4.2.1 (Based on Apple Inc. build 5658) (LLVM build 2336.11.00)

time: Tue May 28 10:35:37 2019
elapsed time: 1972 seconds (0d 0h 32m 52s)

